TN:
SF:controllers\authController.js
FN:5,login
FNF:1
FNH:1
FNDA:3,login
DA:6,3
DA:7,3
DA:9,2
DA:10,2
DA:14,2
DA:15,1
DA:19,1
DA:22,1
DA:24,1
LF:9
LH:9
BRDA:9,0,0,2
BRDA:9,0,1,0
BRDA:14,1,0,1
BRDA:14,1,1,1
BRF:4
BRH:3
end_of_record
TN:
SF:controllers\productController.js
FN:4,getAllProducts
FN:14,getProductById
FN:32,create
FN:76,updateProduct
FN:102,destroy
FNF:5
FNH:5
FNDA:2,getAllProducts
FNDA:3,getProductById
FNDA:3,create
FNDA:6,updateProduct
FNDA:2,destroy
DA:5,2
DA:6,2
DA:7,1
DA:9,1
DA:10,1
DA:15,3
DA:16,3
DA:17,3
DA:18,3
DA:22,2
DA:23,1
DA:25,1
DA:27,1
DA:28,1
DA:33,3
DA:46,3
DA:47,3
DA:49,2
DA:50,1
DA:62,1
DA:64,1
DA:72,1
DA:77,6
DA:78,6
DA:79,6
DA:81,4
DA:82,2
DA:83,2
DA:84,2
DA:85,2
DA:86,2
DA:87,2
DA:88,2
DA:89,2
DA:91,2
DA:92,2
DA:94,2
DA:97,2
DA:98,2
DA:103,2
DA:104,2
DA:105,1
DA:106,1
DA:108,1
DA:110,1
DA:111,1
LF:46
LH:46
BRDA:22,0,0,1
BRDA:22,0,1,1
BRDA:49,1,0,1
BRDA:49,1,1,1
BRDA:81,2,0,2
BRDA:81,2,1,2
BRDA:82,3,0,2
BRDA:82,3,1,0
BRDA:83,4,0,2
BRDA:83,4,1,2
BRDA:84,5,0,2
BRDA:84,5,1,2
BRDA:85,6,0,2
BRDA:85,6,1,2
BRDA:86,7,0,2
BRDA:86,7,1,2
BRDA:87,8,0,2
BRDA:87,8,1,2
BRDA:88,9,0,2
BRDA:88,9,1,2
BRDA:89,10,0,2
BRDA:89,10,1,2
BRF:22
BRH:21
end_of_record
TN:
SF:controllers\userController.js
FN:6,getAllUsers
FN:23,getUserById
FN:41,createUser
FN:83,updateUser
FN:108,deleteUser
FNF:5
FNH:5
FNDA:2,getAllUsers
FNDA:3,getUserById
FNDA:1,createUser
FNDA:4,updateUser
FNDA:2,deleteUser
DA:7,2
DA:8,2
DA:15,1
DA:17,1
DA:18,1
DA:24,3
DA:25,3
DA:26,3
DA:30,2
DA:31,1
DA:33,1
DA:35,1
DA:36,1
DA:42,1
DA:55,1
DA:57,1
DA:58,1
DA:59,1
DA:70,1
DA:72,0
DA:78,0
DA:84,4
DA:85,4
DA:86,4
DA:87,4
DA:88,4
DA:89,0
DA:90,0
DA:92,4
DA:95,4
DA:96,2
DA:98,2
DA:102,0
DA:103,0
DA:109,2
DA:110,2
DA:111,2
DA:112,2
DA:113,1
DA:115,1
DA:116,0
DA:118,1
DA:119,1
DA:120,1
DA:122,0
DA:123,0
LF:46
LH:37
BRDA:30,0,0,1
BRDA:30,0,1,1
BRDA:58,1,0,1
BRDA:58,1,1,0
BRDA:88,2,0,0
BRDA:88,2,1,4
BRDA:95,3,0,2
BRDA:95,3,1,2
BRDA:112,4,0,1
BRDA:112,4,1,1
BRDA:115,5,0,0
BRDA:115,5,1,1
BRF:12
BRH:9
end_of_record
TN:
SF:middleware\adminValidator.js
FN:3,adminAccess
FNF:1
FNH:1
FNDA:3,adminAccess
DA:4,3
DA:5,3
DA:7,2
DA:8,1
DA:12,1
DA:15,1
LF:6
LH:6
BRDA:7,0,0,1
BRDA:7,0,1,1
BRF:2
BRH:2
end_of_record
TN:
SF:middleware\caractherValidatorUser.js
FN:58,(anonymous_0)
FNF:1
FNH:1
FNDA:5,(anonymous_0)
DA:32,1
DA:59,5
DA:60,5
DA:61,4
DA:63,1
LF:5
LH:5
BRDA:60,0,0,4
BRDA:60,0,1,1
BRF:2
BRH:2
end_of_record
TN:
SF:middleware\orderValidator.js
FN:20,(anonymous_0)
FNF:1
FNH:1
FNDA:2,(anonymous_0)
DA:3,1
DA:21,2
DA:22,2
DA:23,1
DA:25,1
LF:5
LH:5
BRDA:22,0,0,1
BRDA:22,0,1,1
BRF:2
BRH:2
end_of_record
TN:
SF:middleware\productsValidator.js
FN:37,(anonymous_0)
FNF:1
FNH:1
FNDA:2,(anonymous_0)
DA:3,1
DA:38,2
DA:39,2
DA:40,1
DA:42,1
LF:5
LH:5
BRDA:39,0,0,1
BRDA:39,0,1,1
BRF:2
BRH:2
end_of_record
TN:
SF:models\Product.js
FNF:0
FNH:0
DA:3,1
DA:52,1
LF:2
LH:2
BRF:0
BRH:0
end_of_record
TN:
SF:models\User.js
FN:46,(anonymous_0)
FNF:1
FNH:0
FNDA:0,(anonymous_0)
DA:3,1
DA:46,1
DA:47,0
DA:48,0
DA:49,0
DA:52,1
LF:6
LH:3
BRF:0
BRH:0
end_of_record
